<?xml version="1.0" encoding="UTF-8"?>
<testsuite name="WallServiceTest" tests="3" skipped="0" failures="0" errors="0" timestamp="2022-07-08T10:26:26" hostname="LAPTOP-8GEDCGDV" time="0.102">
  <properties/>
  <testcase name="updateExisting" classname="WallServiceTest" time="0.102"/>
  <testcase name="add" classname="WallServiceTest" time="0.0"/>
  <testcase name="updateNotExisting" classname="WallServiceTest" time="0.0"/>
  <system-out><![CDATA[]]></system-out>
  <system-err><![CDATA[]]></system-err>
</testsuite>
