<?xml version="1.0" encoding="UTF-8"?>
<testsuite name="WallServiceTest" tests="5" skipped="0" failures="0" errors="0" timestamp="2022-07-13T18:08:11" hostname="LAPTOP-8GEDCGDV" time="0.102">
  <properties/>
  <testcase name="updateExisting" classname="WallServiceTest" time="0.1"/>
  <testcase name="createComment" classname="WallServiceTest" time="0.001"/>
  <testcase name="shouldThrow" classname="WallServiceTest" time="0.0"/>
  <testcase name="add" classname="WallServiceTest" time="0.0"/>
  <testcase name="updateNotExisting" classname="WallServiceTest" time="0.0"/>
  <system-out><![CDATA[]]></system-out>
  <system-err><![CDATA[]]></system-err>
</testsuite>
